[2018-03-08 17:18:06,405 - root - INFO] - King Arthur is on command.
[2018-03-08 17:18:06,406 - root - DEBUG] - Redis connection stablished with redis://redis/8.
[2018-03-08 17:18:06,423 - root - INFO] - King Arthur running in daemon mode.
[2018-03-08 17:18:06,424 - cherrypy.error - INFO] - [08/Mar/2018:17:18:06] ENGINE Listening for SIGHUP.
[2018-03-08 17:18:06,424 - cherrypy.error - INFO] - [08/Mar/2018:17:18:06] ENGINE Listening for SIGUSR1.
[2018-03-08 17:18:06,424 - cherrypy.error - INFO] - [08/Mar/2018:17:18:06] ENGINE Listening for SIGTERM.
[2018-03-08 17:18:06,425 - cherrypy.error - INFO] - [08/Mar/2018:17:18:06] ENGINE Bus STARTING
[2018-03-08 17:18:06,427 - cherrypy.error - INFO] - [08/Mar/2018:17:18:06] ENGINE Forking once.
[2018-03-08 17:18:06,432 - cherrypy.error - INFO] - [08/Mar/2018:17:18:06] ENGINE Daemonized to PID: 546
[2018-03-08 17:18:06,431 - cherrypy.error - INFO] - [08/Mar/2018:17:18:06] ENGINE Forking twice.
[2018-03-08 17:18:06,440 - cherrypy.error - INFO] - [08/Mar/2018:17:18:06] ENGINE Started monitor thread '_TimeoutMonitor'.
[2018-03-08 17:18:06,440 - cherrypy.error - INFO] - [08/Mar/2018:17:18:06] ENGINE Started monitor thread 'Autoreloader'.
[2018-03-08 17:18:06,546 - cherrypy.error - INFO] - [08/Mar/2018:17:18:06] ENGINE Serving on http://127.0.0.1:8080
[2018-03-08 17:18:06,547 - cherrypy.error - INFO] - [08/Mar/2018:17:18:06] ENGINE Bus STARTED
[2018-03-08 17:18:06,548 - arthur.scheduler - DEBUG] - New message received of type subscribe
[2018-03-08 17:18:06,548 - arthur.scheduler - DEBUG] - Ignoring job message
[2018-03-08 17:27:06,411 - root - INFO] - King Arthur is on command.
[2018-03-08 17:27:06,412 - root - DEBUG] - Redis connection stablished with redis://redis/8.
[2018-03-08 17:27:06,413 - root - INFO] - King Arthur running in daemon mode.
[2018-03-08 17:27:06,414 - cherrypy.error - INFO] - [08/Mar/2018:17:27:06] ENGINE Listening for SIGUSR1.
[2018-03-08 17:27:06,415 - cherrypy.error - INFO] - [08/Mar/2018:17:27:06] ENGINE Listening for SIGHUP.
[2018-03-08 17:27:06,415 - cherrypy.error - INFO] - [08/Mar/2018:17:27:06] ENGINE Listening for SIGTERM.
[2018-03-08 17:27:06,415 - cherrypy.error - INFO] - [08/Mar/2018:17:27:06] ENGINE Bus STARTING
[2018-03-08 17:27:06,417 - cherrypy.error - INFO] - [08/Mar/2018:17:27:06] ENGINE Forking once.
[2018-03-08 17:27:06,419 - cherrypy.error - INFO] - [08/Mar/2018:17:27:06] ENGINE Forking twice.
[2018-03-08 17:27:06,421 - cherrypy.error - INFO] - [08/Mar/2018:17:27:06] ENGINE Daemonized to PID: 546
[2018-03-08 17:27:06,422 - cherrypy.error - INFO] - [08/Mar/2018:17:27:06] ENGINE Started monitor thread '_TimeoutMonitor'.
[2018-03-08 17:27:06,422 - cherrypy.error - INFO] - [08/Mar/2018:17:27:06] ENGINE Started monitor thread 'Autoreloader'.
[2018-03-08 17:27:06,529 - cherrypy.error - INFO] - [08/Mar/2018:17:27:06] ENGINE Serving on http://127.0.0.1:8080
[2018-03-08 17:27:06,530 - cherrypy.error - INFO] - [08/Mar/2018:17:27:06] ENGINE Bus STARTED
[2018-03-08 17:27:06,531 - arthur.scheduler - DEBUG] - New message received of type subscribe
[2018-03-08 17:27:06,532 - arthur.scheduler - DEBUG] - Ignoring job message
